<?xml version="1.0" encoding="UTF-8"?>
<robot generator="Robot 4.1.2 (Python 3.10.0 on win32)" generated="20211213 19:49:26.957" rpa="false" schemaversion="2">
<suite id="s1" name="Robot Interactive Console" source="c:\Users\jayba\.vscode\extensions\robocorp.robotframework-lsp-0.32.0\src\robotframework_ls\vendored\robotframework_interactive\robot_interactive_console.robot">
<test id="s1-t1" name="Default Task/Test">
<kw name="Interpreter Main Loop" library="MainLoop">
<kw name="Open Browser To Login Page">
<msg timestamp="20211213 19:49:27.705" level="FAIL">No keyword with name 'Open Browser To Login Page' found.</msg>
<status status="FAIL" starttime="20211213 19:49:27.705" endtime="20211213 19:49:27.705"/>
</kw>
<kw name="Input Username">
<arg>${VALID USER}</arg>
<status status="NOT RUN" starttime="20211213 19:49:27.707" endtime="20211213 19:49:27.707"/>
</kw>
<kw name="Input Pass">
<arg>${VALID PASSWORD}</arg>
<status status="NOT RUN" starttime="20211213 19:49:27.708" endtime="20211213 19:49:27.708"/>
</kw>
<kw name="Submit Credentials">
<status status="NOT RUN" starttime="20211213 19:49:27.709" endtime="20211213 19:49:27.709"/>
</kw>
<kw name="Product Page Should Be Open">
<status status="NOT RUN" starttime="20211213 19:49:27.710" endtime="20211213 19:49:27.710"/>
</kw>
<kw name="Sort By Name A To Z">
<status status="NOT RUN" starttime="20211213 19:49:27.711" endtime="20211213 19:49:27.712"/>
</kw>
<status status="PASS" starttime="20211213 19:49:26.979" endtime="20211213 19:49:31.089"/>
</kw>
<status status="PASS" starttime="20211213 19:49:26.978" endtime="20211213 19:49:31.089"/>
</test>
<status status="PASS" starttime="20211213 19:49:26.958" endtime="20211213 19:49:31.090"/>
</suite>
<statistics>
<total>
<stat pass="1" fail="0" skip="0">All Tests</stat>
</total>
<tag>
</tag>
<suite>
<stat pass="1" fail="0" skip="0" id="s1" name="Robot Interactive Console">Robot Interactive Console</stat>
</suite>
</statistics>
<errors>
</errors>
</robot>
