<?xml version="1.0" encoding="UTF-8"?>
<robot generator="Robot 4.1.2 (Python 3.10.0 on win32)" generated="20211213 17:11:21.865" rpa="false" schemaversion="2">
<suite id="s1" name="Tests" source="G:\My Drive\DLSU\3rd Year Term 1\STSWENG\Folders\Robot Framework\SauceDemoRobot\tests">
<suite id="s1-s1" name="Selenium IDE RobotFramework Practice" source="G:\My Drive\DLSU\3rd Year Term 1\STSWENG\Folders\Robot Framework\SauceDemoRobot\tests\Selenium_IDE_RobotFramework_Practice.robot">
<test id="s1-s1-t1" name="Valid Login">
<kw name="Open Browser To Login Page" library="resources">
<kw name="Open Browser" library="SeleniumLibrary">
<arg>${LOGIN URL}</arg>
<arg>${BROWSER}</arg>
<doc>Opens a new browser instance to the optional ``url``.</doc>
<msg timestamp="20211213 17:11:22.229" level="INFO">Opening browser 'chrome' to base url 'https://www.saucedemo.com/'.</msg>
<status status="PASS" starttime="20211213 17:11:22.229" endtime="20211213 17:11:23.820"/>
</kw>
<kw name="Maximize Browser Window" library="SeleniumLibrary">
<doc>Maximizes current browser window.</doc>
<status status="PASS" starttime="20211213 17:11:23.820" endtime="20211213 17:11:23.937"/>
</kw>
<kw name="Set Selenium Speed" library="SeleniumLibrary">
<arg>${DELAY}</arg>
<doc>Sets the delay that is waited after each Selenium command.</doc>
<status status="PASS" starttime="20211213 17:11:23.938" endtime="20211213 17:11:23.938"/>
</kw>
<kw name="Login Page Should Be Open" library="resources">
<kw name="Page Should Contain Element" library="SeleniumLibrary">
<arg>login-button</arg>
<doc>Verifies that element ``locator`` is found on the current page.</doc>
<msg timestamp="20211213 17:11:23.952" level="INFO">Current page contains element 'login-button'.</msg>
<status status="PASS" starttime="20211213 17:11:23.938" endtime="20211213 17:11:23.952"/>
</kw>
<status status="PASS" starttime="20211213 17:11:23.938" endtime="20211213 17:11:23.953"/>
</kw>
<status status="PASS" starttime="20211213 17:11:22.228" endtime="20211213 17:11:23.953"/>
</kw>
<kw name="Input Username" library="resources">
<arg>${VALID USER}</arg>
<kw name="Input Text" library="SeleniumLibrary">
<arg>user-name</arg>
<arg>${username}</arg>
<doc>Types the given ``text`` into the text field identified by ``locator``.</doc>
<msg timestamp="20211213 17:11:23.954" level="INFO">Typing text 'standard_user' into text field 'user-name'.</msg>
<status status="PASS" starttime="20211213 17:11:23.954" endtime="20211213 17:11:24.043"/>
</kw>
<status status="PASS" starttime="20211213 17:11:23.953" endtime="20211213 17:11:24.043"/>
</kw>
<kw name="Input Pass" library="resources">
<arg>${VALID PASSWORD}</arg>
<kw name="Input Password" library="SeleniumLibrary">
<arg>password</arg>
<arg>${password}</arg>
<doc>Types the given password into the text field identified by ``locator``.</doc>
<msg timestamp="20211213 17:11:24.044" level="INFO">Typing password into text field 'password'.</msg>
<msg timestamp="20211213 17:11:24.072" level="INFO">Temporally setting log level to: NONE</msg>
<msg timestamp="20211213 17:11:24.110" level="INFO">Log level changed from NONE to INFO.</msg>
<status status="PASS" starttime="20211213 17:11:24.044" endtime="20211213 17:11:24.110"/>
</kw>
<status status="PASS" starttime="20211213 17:11:24.043" endtime="20211213 17:11:24.110"/>
</kw>
<kw name="Submit Credentials" library="resources">
<kw name="Click Button" library="SeleniumLibrary">
<arg>login-button</arg>
<doc>Clicks the button identified by ``locator``.</doc>
<msg timestamp="20211213 17:11:24.111" level="INFO">Clicking button 'login-button'.</msg>
<status status="PASS" starttime="20211213 17:11:24.111" endtime="20211213 17:11:24.195"/>
</kw>
<status status="PASS" starttime="20211213 17:11:24.111" endtime="20211213 17:11:24.195"/>
</kw>
<kw name="Product Page Should Be Open" library="resources">
<kw name="Element Text Should Be" library="SeleniumLibrary">
<arg>class:title</arg>
<arg>PRODUCTS</arg>
<doc>Verifies that element ``locator`` contains exact the text ``expected``.</doc>
<msg timestamp="20211213 17:11:24.196" level="INFO">Verifying element 'class:title' contains exact text 'PRODUCTS'.</msg>
<status status="PASS" starttime="20211213 17:11:24.196" endtime="20211213 17:11:24.219"/>
</kw>
<status status="PASS" starttime="20211213 17:11:24.196" endtime="20211213 17:11:24.219"/>
</kw>
<kw name="Close Browser" library="SeleniumLibrary" type="TEARDOWN">
<doc>Closes the current browser.</doc>
<status status="PASS" starttime="20211213 17:11:24.220" endtime="20211213 17:11:26.345"/>
</kw>
<status status="PASS" starttime="20211213 17:11:22.228" endtime="20211213 17:11:26.347"/>
</test>
<test id="s1-s1-t2" name="Locked Out Login">
<kw name="Open Browser To Login Page" library="resources">
<kw name="Open Browser" library="SeleniumLibrary">
<arg>${LOGIN URL}</arg>
<arg>${BROWSER}</arg>
<doc>Opens a new browser instance to the optional ``url``.</doc>
<msg timestamp="20211213 17:11:26.348" level="INFO">Opening browser 'chrome' to base url 'https://www.saucedemo.com/'.</msg>
<status status="PASS" starttime="20211213 17:11:26.348" endtime="20211213 17:11:27.808"/>
</kw>
<kw name="Maximize Browser Window" library="SeleniumLibrary">
<doc>Maximizes current browser window.</doc>
<status status="PASS" starttime="20211213 17:11:27.808" endtime="20211213 17:11:27.926"/>
</kw>
<kw name="Set Selenium Speed" library="SeleniumLibrary">
<arg>${DELAY}</arg>
<doc>Sets the delay that is waited after each Selenium command.</doc>
<status status="PASS" starttime="20211213 17:11:27.926" endtime="20211213 17:11:27.927"/>
</kw>
<kw name="Login Page Should Be Open" library="resources">
<kw name="Page Should Contain Element" library="SeleniumLibrary">
<arg>login-button</arg>
<doc>Verifies that element ``locator`` is found on the current page.</doc>
<msg timestamp="20211213 17:11:27.938" level="INFO">Current page contains element 'login-button'.</msg>
<status status="PASS" starttime="20211213 17:11:27.927" endtime="20211213 17:11:27.938"/>
</kw>
<status status="PASS" starttime="20211213 17:11:27.927" endtime="20211213 17:11:27.939"/>
</kw>
<status status="PASS" starttime="20211213 17:11:26.347" endtime="20211213 17:11:27.939"/>
</kw>
<kw name="Input Username" library="resources">
<arg>${LOCKED OUT USER}</arg>
<kw name="Input Text" library="SeleniumLibrary">
<arg>user-name</arg>
<arg>${username}</arg>
<doc>Types the given ``text`` into the text field identified by ``locator``.</doc>
<msg timestamp="20211213 17:11:27.940" level="INFO">Typing text 'locked_out_user' into text field 'user-name'.</msg>
<status status="PASS" starttime="20211213 17:11:27.940" endtime="20211213 17:11:28.024"/>
</kw>
<status status="PASS" starttime="20211213 17:11:27.939" endtime="20211213 17:11:28.024"/>
</kw>
<kw name="Input Pass" library="resources">
<arg>${VALID PASSWORD}</arg>
<kw name="Input Password" library="SeleniumLibrary">
<arg>password</arg>
<arg>${password}</arg>
<doc>Types the given password into the text field identified by ``locator``.</doc>
<msg timestamp="20211213 17:11:28.025" level="INFO">Typing password into text field 'password'.</msg>
<msg timestamp="20211213 17:11:28.058" level="INFO">Temporally setting log level to: NONE</msg>
<msg timestamp="20211213 17:11:28.101" level="INFO">Log level changed from NONE to INFO.</msg>
<status status="PASS" starttime="20211213 17:11:28.025" endtime="20211213 17:11:28.101"/>
</kw>
<status status="PASS" starttime="20211213 17:11:28.024" endtime="20211213 17:11:28.101"/>
</kw>
<kw name="Submit Credentials" library="resources">
<kw name="Click Button" library="SeleniumLibrary">
<arg>login-button</arg>
<doc>Clicks the button identified by ``locator``.</doc>
<msg timestamp="20211213 17:11:28.102" level="INFO">Clicking button 'login-button'.</msg>
<status status="PASS" starttime="20211213 17:11:28.102" endtime="20211213 17:11:28.148"/>
</kw>
<status status="PASS" starttime="20211213 17:11:28.101" endtime="20211213 17:11:28.148"/>
</kw>
<kw name="Error Message Shown" library="resources">
<arg>Epic sadface: Sorry, this user has been locked out.</arg>
<kw name="Element Text Should Be" library="SeleniumLibrary">
<arg>css:*[data-test="error"]</arg>
<arg>${error}</arg>
<doc>Verifies that element ``locator`` contains exact the text ``expected``.</doc>
<msg timestamp="20211213 17:11:28.149" level="INFO">Verifying element 'css:*[data-test="error"]' contains exact text 'Epic sadface: Sorry, this user has been locked out.'.</msg>
<status status="PASS" starttime="20211213 17:11:28.149" endtime="20211213 17:11:28.167"/>
</kw>
<status status="PASS" starttime="20211213 17:11:28.148" endtime="20211213 17:11:28.167"/>
</kw>
<kw name="Close Browser" library="SeleniumLibrary" type="TEARDOWN">
<doc>Closes the current browser.</doc>
<status status="PASS" starttime="20211213 17:11:28.168" endtime="20211213 17:11:30.279"/>
</kw>
<status status="PASS" starttime="20211213 17:11:26.347" endtime="20211213 17:11:30.280"/>
</test>
<test id="s1-s1-t3" name="Typed Wrong Password">
<kw name="Open Browser To Login Page" library="resources">
<kw name="Open Browser" library="SeleniumLibrary">
<arg>${LOGIN URL}</arg>
<arg>${BROWSER}</arg>
<doc>Opens a new browser instance to the optional ``url``.</doc>
<msg timestamp="20211213 17:11:30.283" level="INFO">Opening browser 'chrome' to base url 'https://www.saucedemo.com/'.</msg>
<status status="PASS" starttime="20211213 17:11:30.283" endtime="20211213 17:11:31.645"/>
</kw>
<kw name="Maximize Browser Window" library="SeleniumLibrary">
<doc>Maximizes current browser window.</doc>
<status status="PASS" starttime="20211213 17:11:31.645" endtime="20211213 17:11:31.773"/>
</kw>
<kw name="Set Selenium Speed" library="SeleniumLibrary">
<arg>${DELAY}</arg>
<doc>Sets the delay that is waited after each Selenium command.</doc>
<status status="PASS" starttime="20211213 17:11:31.773" endtime="20211213 17:11:31.773"/>
</kw>
<kw name="Login Page Should Be Open" library="resources">
<kw name="Page Should Contain Element" library="SeleniumLibrary">
<arg>login-button</arg>
<doc>Verifies that element ``locator`` is found on the current page.</doc>
<msg timestamp="20211213 17:11:31.789" level="INFO">Current page contains element 'login-button'.</msg>
<status status="PASS" starttime="20211213 17:11:31.773" endtime="20211213 17:11:31.789"/>
</kw>
<status status="PASS" starttime="20211213 17:11:31.773" endtime="20211213 17:11:31.789"/>
</kw>
<status status="PASS" starttime="20211213 17:11:30.282" endtime="20211213 17:11:31.789"/>
</kw>
<kw name="Input Username" library="resources">
<arg>${LOCKED OUT USER}</arg>
<kw name="Input Text" library="SeleniumLibrary">
<arg>user-name</arg>
<arg>${username}</arg>
<doc>Types the given ``text`` into the text field identified by ``locator``.</doc>
<msg timestamp="20211213 17:11:31.791" level="INFO">Typing text 'locked_out_user' into text field 'user-name'.</msg>
<status status="PASS" starttime="20211213 17:11:31.791" endtime="20211213 17:11:31.881"/>
</kw>
<status status="PASS" starttime="20211213 17:11:31.790" endtime="20211213 17:11:31.881"/>
</kw>
<kw name="Input Pass" library="resources">
<arg>invalid</arg>
<kw name="Input Password" library="SeleniumLibrary">
<arg>password</arg>
<arg>${password}</arg>
<doc>Types the given password into the text field identified by ``locator``.</doc>
<msg timestamp="20211213 17:11:31.882" level="INFO">Typing password into text field 'password'.</msg>
<msg timestamp="20211213 17:11:31.913" level="INFO">Temporally setting log level to: NONE</msg>
<msg timestamp="20211213 17:11:31.947" level="INFO">Log level changed from NONE to INFO.</msg>
<status status="PASS" starttime="20211213 17:11:31.882" endtime="20211213 17:11:31.947"/>
</kw>
<status status="PASS" starttime="20211213 17:11:31.881" endtime="20211213 17:11:31.947"/>
</kw>
<kw name="Submit Credentials" library="resources">
<kw name="Click Button" library="SeleniumLibrary">
<arg>login-button</arg>
<doc>Clicks the button identified by ``locator``.</doc>
<msg timestamp="20211213 17:11:31.948" level="INFO">Clicking button 'login-button'.</msg>
<status status="PASS" starttime="20211213 17:11:31.948" endtime="20211213 17:11:31.998"/>
</kw>
<status status="PASS" starttime="20211213 17:11:31.948" endtime="20211213 17:11:31.998"/>
</kw>
<kw name="Error Message Shown" library="resources">
<arg>Epic sadface: Username and password do not match any user in this service</arg>
<kw name="Element Text Should Be" library="SeleniumLibrary">
<arg>css:*[data-test="error"]</arg>
<arg>${error}</arg>
<doc>Verifies that element ``locator`` contains exact the text ``expected``.</doc>
<msg timestamp="20211213 17:11:31.999" level="INFO">Verifying element 'css:*[data-test="error"]' contains exact text 'Epic sadface: Username and password do not match any user in this service'.</msg>
<status status="PASS" starttime="20211213 17:11:31.999" endtime="20211213 17:11:32.020"/>
</kw>
<status status="PASS" starttime="20211213 17:11:31.999" endtime="20211213 17:11:32.020"/>
</kw>
<kw name="Close Browser" library="SeleniumLibrary" type="TEARDOWN">
<doc>Closes the current browser.</doc>
<status status="PASS" starttime="20211213 17:11:32.021" endtime="20211213 17:11:34.144"/>
</kw>
<status status="PASS" starttime="20211213 17:11:30.281" endtime="20211213 17:11:34.145"/>
</test>
<doc>A test suite with a single test for valid login

This test follows the example using keywords from
the SeleniumLibrary</doc>
<status status="PASS" starttime="20211213 17:11:21.895" endtime="20211213 17:11:34.146"/>
</suite>
<status status="PASS" starttime="20211213 17:11:21.868" endtime="20211213 17:11:34.149"/>
</suite>
<statistics>
<total>
<stat pass="3" fail="0" skip="0">All Tests</stat>
</total>
<tag>
</tag>
<suite>
<stat pass="3" fail="0" skip="0" id="s1" name="Tests">Tests</stat>
<stat pass="3" fail="0" skip="0" id="s1-s1" name="Selenium IDE RobotFramework Practice">Tests.Selenium IDE RobotFramework Practice</stat>
</suite>
</statistics>
<errors>
</errors>
</robot>
